[preview.colorlib.com/theme/rezume/index.html]
[backblue.gif]
[fade.gif]
[index.html]
[preview.colorlib.com/theme/rezume/A.css,,_animate.css+css,,_flexslider.css+fonts,,_icomoon,,_style.css+css,,_bootstrap.css+css,,_style.css,Mcc.HqIwWfJCiR.css.pagespeed.cf.bRwe0nwT8S.css]
[preview.colorlib.com/theme/rezume/images/ximage_1.jpg.pagespeed.ic.I4h5pDwmd7.jpg]
[preview.colorlib.com/theme/rezume/images/xp1.jpg.pagespeed.ic.IjlLDN7rAK.jpg]
[preview.colorlib.com/theme/rezume/images/p1.jpg]
[preview.colorlib.com/theme/rezume/images/preview.png]
[preview.colorlib.com/theme/rezume/images/xp2.jpg.pagespeed.ic.Q3vhtvXPF4.jpg]
[preview.colorlib.com/theme/rezume/images/p2.jpg]
[preview.colorlib.com/theme/rezume/images/xp3.jpg.pagespeed.ic.vdM3qITYR-.jpg]
[preview.colorlib.com/theme/rezume/images/p3.jpg]
[preview.colorlib.com/theme/rezume/images/xp4.jpg.pagespeed.ic.KzK7_cbLBc.jpg]
[preview.colorlib.com/theme/rezume/images/p4.jpg]
[preview.colorlib.com/theme/rezume/images/xp5.jpg.pagespeed.ic._TuHDZevqz.jpg]
[preview.colorlib.com/theme/rezume/images/p5.jpg]
[preview.colorlib.com/theme/rezume/images/xp6.jpg.pagespeed.ic.Id5zsERCms.jpg]
[preview.colorlib.com/theme/rezume/images/p6.jpg]
[preview.colorlib.com/theme/rezume/images/xperson_1.jpg.pagespeed.ic.GydziS3-18.jpg]
[preview.colorlib.com/theme/rezume/images/xperson_2.jpg.pagespeed.ic.MslkzLtZPn.jpg]
[preview.colorlib.com/theme/rezume/images/xperson_3.jpg.pagespeed.ic.wXLK-eZZil.jpg]
[preview.colorlib.com/theme/rezume/images/person_4.jpg]
[preview.colorlib.com/theme/rezume/images/xpost_1.jpg.pagespeed.ic.Sc_dMeDZzW.jpg]
[preview.colorlib.com/theme/rezume/images/xpost_2.jpg.pagespeed.ic.T6M_TBKDzN.jpg]
[preview.colorlib.com/theme/rezume/images/xpost_3.jpg.pagespeed.ic.opyPvzZvR7.jpg]
[preview.colorlib.com/cdn-cgi/scripts/5c5dd728/cloudflare-static/email-decode.min.js]
[preview.colorlib.com/theme/rezume/js/vendor/jquery.min.js]
[preview.colorlib.com/theme/rezume/js/vendor/jquery-migrate-3.0.1.min.js+popper.min.js+bootstrap.min.js+jquery.easing.1.3.js.pagespeed.jc.uxxkex28sQ.js]
[preview.colorlib.com/theme/rezume/js/vendor,_jquery.stellar.min.js+vendor,_jquery.waypoints.min.js+custom.js.pagespeed.jc.pnQHqVD1q2.js]
[unpkg.com/isotope-layout@3/dist/isotope.pkgd.min.1b.delayed]
[unpkg.com/isotope-layout@3.0.6/dist/isotope.pkgd.min.js]
[unpkg.com/imagesloaded@4/imagesloaded.pkgd.min.js]
[preview.colorlib.com/theme/rezume/index.html]
[unpkg.com/imagesloaded@4.1.4/imagesloaded.pkgd.min.js]
[preview.colorlib.com/theme/rezume/fonts/icomoon/fonts/icomoon1ff5.eot]
[preview.colorlib.com/theme/rezume/fonts/icomoon/fonts/icomoon1ff5.woff]
[preview.colorlib.com/theme/rezume/fonts/icomoon/fonts/icomoon1ff5.ttf]
[preview.colorlib.com/theme/rezume/A.css,,_animate.css+css,,_flexslider.css+fonts,,_icomoon,,_style.css+css,,_bootstrap.css+css,,_style.css,Mcc.HqIwWfJCiR.css.pagespeed.cf.bRwe0nwT8S.css]
[preview.colorlib.com/cdn-cgi/zaraz/sd0d9.js]
[preview.colorlib.com/theme/rezume/images/preview.html]
[preview.colorlib.com/theme/rezume/fonts/icomoon/fonts/icomoon1ff5.svg]
[preview.colorlib.com/theme/rezume/fonts/icomoon/fonts/icomoon1ff5.svg]
